<?xml version="1.0" encoding="UTF-8"?>
<coverage generated="1659939016919" clover="3.2.0">
  <project timestamp="1659939016919" name="All files">
    <metrics statements="50" coveredstatements="46" conditionals="14" coveredconditionals="14" methods="11" coveredmethods="9" elements="75" coveredelements="69" complexity="0" loc="50" ncloc="50" packages="1" files="1" classes="1"/>
    <file name="index.js" path="/home/alexarts/frontend-project-lvl2/src/index.js">
      <metrics statements="50" coveredstatements="46" conditionals="14" coveredconditionals="14" methods="11" coveredmethods="9"/>
      <line num="4" count="1" type="stmt"/>
      <line num="5" count="2" type="stmt"/>
      <line num="6" count="4" type="stmt"/>
      <line num="7" count="4" type="stmt"/>
      <line num="10" count="2" type="stmt"/>
      <line num="11" count="0" type="stmt"/>
      <line num="12" count="0" type="stmt"/>
      <line num="13" count="0" type="stmt"/>
      <line num="15" count="0" type="stmt"/>
      <line num="18" count="2" type="stmt"/>
      <line num="19" count="2" type="stmt"/>
      <line num="20" count="20" type="stmt"/>
      <line num="21" count="20" type="stmt"/>
      <line num="22" count="20" type="cond" truecount="2" falsecount="0"/>
      <line num="23" count="10" type="stmt"/>
      <line num="25" count="10" type="cond" truecount="2" falsecount="0"/>
      <line num="26" count="8" type="stmt"/>
      <line num="28" count="2" type="stmt"/>
      <line num="30" count="2" type="stmt"/>
      <line num="33" count="2" type="stmt"/>
      <line num="34" count="2" type="stmt"/>
      <line num="35" count="8" type="stmt"/>
      <line num="36" count="8" type="stmt"/>
      <line num="37" count="8" type="stmt"/>
      <line num="38" count="12" type="stmt"/>
      <line num="39" count="12" type="cond" truecount="4" falsecount="0"/>
      <line num="40" count="2" type="stmt"/>
      <line num="41" count="2" type="stmt"/>
      <line num="42" count="2" type="stmt"/>
      <line num="44" count="12" type="cond" truecount="4" falsecount="0"/>
      <line num="45" count="2" type="stmt"/>
      <line num="46" count="2" type="stmt"/>
      <line num="47" count="2" type="stmt"/>
      <line num="48" count="2" type="stmt"/>
      <line num="51" count="8" type="cond" truecount="2" falsecount="0"/>
      <line num="52" count="4" type="stmt"/>
      <line num="54" count="8" type="stmt"/>
      <line num="56" count="2" type="stmt"/>
      <line num="57" count="2" type="stmt"/>
      <line num="58" count="2" type="stmt"/>
      <line num="60" count="2" type="stmt"/>
      <line num="63" count="2" type="stmt"/>
      <line num="64" count="2" type="stmt"/>
      <line num="65" count="2" type="stmt"/>
      <line num="66" count="12" type="stmt"/>
      <line num="67" count="2" type="stmt"/>
      <line num="70" count="2" type="stmt"/>
      <line num="71" count="2" type="stmt"/>
      <line num="73" count="2" type="stmt"/>
      <line num="74" count="2" type="stmt"/>
    </file>
  </project>
</coverage>
