{"/home/alexarts/frontend-project-lvl2/src/index.js": {"path":"/home/alexarts/frontend-project-lvl2/src/index.js","statementMap":{"0":{"start":{"line":4,"column":16},"end":{"line":75,"column":1}},"1":{"start":{"line":5,"column":28},"end":{"line":8,"column":3}},"2":{"start":{"line":6,"column":20},"end":{"line":6,"column":80}},"3":{"start":{"line":7,"column":4},"end":{"line":7,"column":31}},"4":{"start":{"line":10,"column":25},"end":{"line":16,"column":3}},"5":{"start":{"line":11,"column":20},"end":{"line":11,"column":22}},"6":{"start":{"line":12,"column":4},"end":{"line":14,"column":7}},"7":{"start":{"line":13,"column":6},"end":{"line":13,"column":30}},"8":{"start":{"line":15,"column":4},"end":{"line":15,"column":19}},"9":{"start":{"line":18,"column":22},"end":{"line":31,"column":3}},"10":{"start":{"line":19,"column":20},"end":{"line":29,"column":6}},"11":{"start":{"line":20,"column":27},"end":{"line":20,"column":32}},"12":{"start":{"line":21,"column":27},"end":{"line":21,"column":32}},"13":{"start":{"line":22,"column":6},"end":{"line":24,"column":7}},"14":{"start":{"line":23,"column":8},"end":{"line":23,"column":18}},"15":{"start":{"line":25,"column":6},"end":{"line":27,"column":7}},"16":{"start":{"line":26,"column":8},"end":{"line":26,"column":17}},"17":{"start":{"line":28,"column":6},"end":{"line":28,"column":15}},"18":{"start":{"line":30,"column":4},"end":{"line":30,"column":19}},"19":{"start":{"line":33,"column":20},"end":{"line":61,"column":3}},"20":{"start":{"line":34,"column":31},"end":{"line":55,"column":10}},"21":{"start":{"line":35,"column":29},"end":{"line":35,"column":34}},"22":{"start":{"line":36,"column":17},"end":{"line":36,"column":22}},"23":{"start":{"line":37,"column":6},"end":{"line":50,"column":7}},"24":{"start":{"line":37,"column":19},"end":{"line":37,"column":20}},"25":{"start":{"line":38,"column":31},"end":{"line":38,"column":39}},"26":{"start":{"line":39,"column":8},"end":{"line":43,"column":9}},"27":{"start":{"line":40,"column":10},"end":{"line":40,"column":22}},"28":{"start":{"line":41,"column":10},"end":{"line":41,"column":29}},"29":{"start":{"line":42,"column":10},"end":{"line":42,"column":40}},"30":{"start":{"line":44,"column":8},"end":{"line":49,"column":9}},"31":{"start":{"line":45,"column":10},"end":{"line":45,"column":22}},"32":{"start":{"line":46,"column":10},"end":{"line":46,"column":40}},"33":{"start":{"line":47,"column":10},"end":{"line":47,"column":40}},"34":{"start":{"line":48,"column":10},"end":{"line":48,"column":29}},"35":{"start":{"line":51,"column":6},"end":{"line":53,"column":7}},"36":{"start":{"line":52,"column":8},"end":{"line":52,"column":38}},"37":{"start":{"line":54,"column":6},"end":{"line":54,"column":17}},"38":{"start":{"line":56,"column":31},"end":{"line":59,"column":6}},"39":{"start":{"line":57,"column":27},"end":{"line":57,"column":32}},"40":{"start":{"line":58,"column":6},"end":{"line":58,"column":31}},"41":{"start":{"line":60,"column":4},"end":{"line":60,"column":57}},"42":{"start":{"line":63,"column":28},"end":{"line":68,"column":3}},"43":{"start":{"line":64,"column":15},"end":{"line":64,"column":19}},"44":{"start":{"line":65,"column":15},"end":{"line":65,"column":19}},"45":{"start":{"line":66,"column":19},"end":{"line":66,"column":86}},"46":{"start":{"line":66,"column":50},"end":{"line":66,"column":85}},"47":{"start":{"line":67,"column":4},"end":{"line":67,"column":39}},"48":{"start":{"line":70,"column":22},"end":{"line":70,"column":66}},"49":{"start":{"line":71,"column":22},"end":{"line":71,"column":66}},"50":{"start":{"line":73,"column":17},"end":{"line":73,"column":65}},"51":{"start":{"line":74,"column":2},"end":{"line":74,"column":35}}},"fnMap":{"0":{"name":"(anonymous_0)","decl":{"start":{"line":4,"column":16},"end":{"line":4,"column":17}},"loc":{"start":{"line":4,"column":42},"end":{"line":75,"column":1}},"line":4},"1":{"name":"(anonymous_1)","decl":{"start":{"line":5,"column":28},"end":{"line":5,"column":29}},"loc":{"start":{"line":5,"column":39},"end":{"line":8,"column":3}},"line":5},"2":{"name":"(anonymous_2)","decl":{"start":{"line":10,"column":25},"end":{"line":10,"column":26}},"loc":{"start":{"line":10,"column":34},"end":{"line":16,"column":3}},"line":10},"3":{"name":"(anonymous_3)","decl":{"start":{"line":12,"column":36},"end":{"line":12,"column":37}},"loc":{"start":{"line":12,"column":45},"end":{"line":14,"column":5}},"line":12},"4":{"name":"(anonymous_4)","decl":{"start":{"line":18,"column":22},"end":{"line":18,"column":23}},"loc":{"start":{"line":18,"column":31},"end":{"line":31,"column":3}},"line":18},"5":{"name":"(anonymous_5)","decl":{"start":{"line":19,"column":29},"end":{"line":19,"column":30}},"loc":{"start":{"line":19,"column":47},"end":{"line":29,"column":5}},"line":19},"6":{"name":"(anonymous_6)","decl":{"start":{"line":33,"column":20},"end":{"line":33,"column":21}},"loc":{"start":{"line":33,"column":38},"end":{"line":61,"column":3}},"line":33},"7":{"name":"(anonymous_7)","decl":{"start":{"line":34,"column":44},"end":{"line":34,"column":45}},"loc":{"start":{"line":34,"column":60},"end":{"line":55,"column":5}},"line":34},"8":{"name":"(anonymous_8)","decl":{"start":{"line":56,"column":41},"end":{"line":56,"column":42}},"loc":{"start":{"line":56,"column":52},"end":{"line":59,"column":5}},"line":56},"9":{"name":"(anonymous_9)","decl":{"start":{"line":63,"column":28},"end":{"line":63,"column":29}},"loc":{"start":{"line":63,"column":37},"end":{"line":68,"column":3}},"line":63},"10":{"name":"(anonymous_10)","decl":{"start":{"line":66,"column":27},"end":{"line":66,"column":28}},"loc":{"start":{"line":66,"column":50},"end":{"line":66,"column":85}},"line":66}},"branchMap":{"0":{"loc":{"start":{"line":22,"column":6},"end":{"line":24,"column":7}},"type":"if","locations":[{"start":{"line":22,"column":6},"end":{"line":24,"column":7}},{"start":{},"end":{}}],"line":22},"1":{"loc":{"start":{"line":25,"column":6},"end":{"line":27,"column":7}},"type":"if","locations":[{"start":{"line":25,"column":6},"end":{"line":27,"column":7}},{"start":{},"end":{}}],"line":25},"2":{"loc":{"start":{"line":39,"column":8},"end":{"line":43,"column":9}},"type":"if","locations":[{"start":{"line":39,"column":8},"end":{"line":43,"column":9}},{"start":{},"end":{}}],"line":39},"3":{"loc":{"start":{"line":39,"column":12},"end":{"line":39,"column":46}},"type":"binary-expr","locations":[{"start":{"line":39,"column":12},"end":{"line":39,"column":25}},{"start":{"line":39,"column":29},"end":{"line":39,"column":46}}],"line":39},"4":{"loc":{"start":{"line":44,"column":8},"end":{"line":49,"column":9}},"type":"if","locations":[{"start":{"line":44,"column":8},"end":{"line":49,"column":9}},{"start":{},"end":{}}],"line":44},"5":{"loc":{"start":{"line":44,"column":12},"end":{"line":44,"column":46}},"type":"binary-expr","locations":[{"start":{"line":44,"column":12},"end":{"line":44,"column":25}},{"start":{"line":44,"column":29},"end":{"line":44,"column":46}}],"line":44},"6":{"loc":{"start":{"line":51,"column":6},"end":{"line":53,"column":7}},"type":"if","locations":[{"start":{"line":51,"column":6},"end":{"line":53,"column":7}},{"start":{},"end":{}}],"line":51}},"s":{"0":1,"1":2,"2":4,"3":4,"4":2,"5":0,"6":0,"7":0,"8":0,"9":2,"10":2,"11":20,"12":20,"13":20,"14":10,"15":10,"16":8,"17":2,"18":2,"19":2,"20":2,"21":8,"22":8,"23":8,"24":8,"25":12,"26":12,"27":2,"28":2,"29":2,"30":12,"31":2,"32":2,"33":2,"34":2,"35":8,"36":4,"37":8,"38":2,"39":2,"40":2,"41":2,"42":2,"43":2,"44":2,"45":2,"46":12,"47":2,"48":2,"49":2,"50":2,"51":2},"f":{"0":2,"1":4,"2":0,"3":0,"4":2,"5":20,"6":2,"7":8,"8":2,"9":2,"10":12},"b":{"0":[10,10],"1":[8,2],"2":[2,10],"3":[12,4],"4":[2,10],"5":[12,4],"6":[4,4]},"_coverageSchema":"1a1c01bbd47fc00a2c39e90264f33305004495a9","hash":"4adf7a6160928aa8c0f3218de522cc9d828c149b"}
}
