TN:
SF:src/index.js
FN:4,(anonymous_0)
FN:5,(anonymous_1)
FN:10,(anonymous_2)
FN:12,(anonymous_3)
FN:18,(anonymous_4)
FN:19,(anonymous_5)
FN:33,(anonymous_6)
FN:34,(anonymous_7)
FN:56,(anonymous_8)
FN:63,(anonymous_9)
FN:66,(anonymous_10)
FNF:11
FNH:9
FNDA:2,(anonymous_0)
FNDA:4,(anonymous_1)
FNDA:0,(anonymous_2)
FNDA:0,(anonymous_3)
FNDA:2,(anonymous_4)
FNDA:20,(anonymous_5)
FNDA:2,(anonymous_6)
FNDA:8,(anonymous_7)
FNDA:2,(anonymous_8)
FNDA:2,(anonymous_9)
FNDA:12,(anonymous_10)
DA:4,1
DA:5,2
DA:6,4
DA:7,4
DA:10,2
DA:11,0
DA:12,0
DA:13,0
DA:15,0
DA:18,2
DA:19,2
DA:20,20
DA:21,20
DA:22,20
DA:23,10
DA:25,10
DA:26,8
DA:28,2
DA:30,2
DA:33,2
DA:34,2
DA:35,8
DA:36,8
DA:37,8
DA:38,12
DA:39,12
DA:40,2
DA:41,2
DA:42,2
DA:44,12
DA:45,2
DA:46,2
DA:47,2
DA:48,2
DA:51,8
DA:52,4
DA:54,8
DA:56,2
DA:57,2
DA:58,2
DA:60,2
DA:63,2
DA:64,2
DA:65,2
DA:66,12
DA:67,2
DA:70,2
DA:71,2
DA:73,2
DA:74,2
LF:50
LH:46
BRDA:22,0,0,10
BRDA:22,0,1,10
BRDA:25,1,0,8
BRDA:25,1,1,2
BRDA:39,2,0,2
BRDA:39,2,1,10
BRDA:39,3,0,12
BRDA:39,3,1,4
BRDA:44,4,0,2
BRDA:44,4,1,10
BRDA:44,5,0,12
BRDA:44,5,1,4
BRDA:51,6,0,4
BRDA:51,6,1,4
BRF:14
BRH:14
end_of_record
